<?xml version="1.0" encoding="UTF-8"?>
<!-- Generated by org.testng.reporters.JUnitXMLReporter -->
<testsuite ignored="10" hostname="LAPTOP-8P5LPQDI" failures="0" tests="1" name="Default test" time="7.405" errors="0" timestamp="2025-09-03T12:09:18 IST">
  <testcase classname="browserS1.BSTack" name="subsribe" time="0.309"/>
  <testcase classname="browserS1.BSTack" name="offers" time="0.0">
    <ignored/>
  </testcase> <!-- offers -->
  <testcase classname="browserS1.BSTack" name="deleteitemfromcart" time="0.0">
    <ignored/>
  </testcase> <!-- deleteitemfromcart -->
  <testcase classname="browserS1.BSTack" name="shopbybrand" time="0.0">
    <ignored/>
  </testcase> <!-- shopbybrand -->
  <testcase classname="browserS1.BSTack" name="favorites" time="0.0">
    <ignored/>
  </testcase> <!-- favorites -->
  <testcase classname="browserS1.BSTack" name="search1" time="0.0">
    <ignored/>
  </testcase> <!-- search1 -->
  <testcase classname="browserS1.BSTack" name="login" time="0.0">
    <ignored/>
  </testcase> <!-- login -->
  <testcase classname="browserS1.BSTack" name="shipping" time="0.0">
    <ignored/>
  </testcase> <!-- shipping -->
  <testcase classname="browserS1.BSTack" name="privacypolicy" time="0.0">
    <ignored/>
  </testcase> <!-- privacypolicy -->
  <testcase classname="browserS1.BSTack" name="logout" time="0.0">
    <ignored/>
  </testcase> <!-- logout -->
  <testcase classname="browserS1.BSTack" name="oders" time="0.0">
    <ignored/>
  </testcase> <!-- oders -->
</testsuite> <!-- Default test -->
