<?xml version="1.0" encoding="UTF-8"?>
<!-- Generated by org.testng.reporters.JUnitXMLReporter -->
<testsuite ignored="10" hostname="LAPTOP-8P5LPQDI" failures="0" tests="1" name="Default test" time="6.62" errors="0" timestamp="2025-09-02T10:40:23 IST">
  <testcase classname="browserStack.BSTack" name="shopbybrand" time="1.171"/>
  <testcase classname="browserStack.BSTack" name="oders" time="0.0">
    <ignored/>
  </testcase> <!-- oders -->
  <testcase classname="browserStack.BSTack" name="deleteitemfromcart" time="0.0">
    <ignored/>
  </testcase> <!-- deleteitemfromcart -->
  <testcase classname="browserStack.BSTack" name="favorites" time="0.0">
    <ignored/>
  </testcase> <!-- favorites -->
  <testcase classname="browserStack.BSTack" name="shipping" time="0.0">
    <ignored/>
  </testcase> <!-- shipping -->
  <testcase classname="browserStack.BSTack" name="privacypolicy" time="0.0">
    <ignored/>
  </testcase> <!-- privacypolicy -->
  <testcase classname="browserStack.BSTack" name="login" time="0.0">
    <ignored/>
  </testcase> <!-- login -->
  <testcase classname="browserStack.BSTack" name="subsribe" time="0.0">
    <ignored/>
  </testcase> <!-- subsribe -->
  <testcase classname="browserStack.BSTack" name="search1" time="0.0">
    <ignored/>
  </testcase> <!-- search1 -->
  <testcase classname="browserStack.BSTack" name="offers" time="0.0">
    <ignored/>
  </testcase> <!-- offers -->
  <testcase classname="browserStack.BSTack" name="logout" time="0.0">
    <ignored/>
  </testcase> <!-- logout -->
</testsuite> <!-- Default test -->
