<?xml version="1.0" encoding="UTF-8"?>
<testsuite xmlns:xsi="http://www.w3.org/2001/XMLSchema-instance" xsi:noNamespaceSchemaLocation="https://maven.apache.org/surefire/maven-surefire-plugin/xsd/surefire-test-report.xsd" version="3.0.2" name="TestSuite" time="32.974" tests="11" errors="0" skipped="0" failures="0">
  <properties>
[...]
</properties>
  <testcase name="login" classname="browserS1.BSTack" time="1.318">
    <system-err><![CDATA[SLF4J(W): No SLF4J providers were found.
SLF4J(W): Defaulting to no-operation (NOP) logger implementation
SLF4J(W): See https://www.slf4j.org/codes.html#noProviders for further details.
Sep 03, 2025 12:29:42 PM org.openqa.selenium.devtools.CdpVersionFinder findNearestMatch
WARNING: Unable to find CDP implementation matching 139
Sep 03, 2025 12:29:42 PM org.openqa.selenium.chromium.ChromiumDriver lambda$new$5
WARNING: Unable to find version of CDP to use for 139.0.7258.155. You may need to include a dependency on a specific version of the CDP using something similar to `org.seleniumhq.selenium:selenium-devtools-v86:4.22.0` where the version ("v86") matches the version of the chromium-based browser you're using and the version number of the artifact is the same as Selenium's.
]]></system-err>
  </testcase>
  <testcase name="deleteitemfromcart" classname="browserS1.BSTack" time="3.997"/>
  <testcase name="shipping" classname="browserS1.BSTack" time="2.374"/>
  <testcase name="search1" classname="browserS1.BSTack" time="14.765"/>
  <testcase name="shopbybrand" classname="browserS1.BSTack" time="1.71"/>
  <testcase name="favorites" classname="browserS1.BSTack" time="0.247"/>
  <testcase name="offers" classname="browserS1.BSTack" time="0.282"/>
  <testcase name="oders" classname="browserS1.BSTack" time="0.235"/>
  <testcase name="privacypolicy" classname="browserS1.BSTack" time="0.682"/>
  <testcase name="logout" classname="browserS1.BSTack" time="0.164"/>
  <testcase name="subsribe" classname="browserS1.BSTack" time="0.19"/>
</testsuite>