<?xml version="1.0" encoding="UTF-8"?>
<testng-results ignored="10" total="11" passed="1" failed="0" skipped="0">
  <reporter-output>
  </reporter-output>
  <suite started-at="2025-09-02T10:40:17 IST" name="Default suite" finished-at="2025-09-02T10:40:23 IST" duration-ms="6620">
    <groups>
    </groups>
    <test started-at="2025-09-02T10:40:17 IST" name="Default test" finished-at="2025-09-02T10:40:23 IST" duration-ms="6620">
      <class name="browserStack.BSTack">
        <test-method is-config="true" signature="beforeTest()[pri:0, instance:browserStack.BSTack@2362f559]" started-at="2025-09-02T10:40:17 IST" name="beforeTest" finished-at="2025-09-02T10:40:22 IST" duration-ms="5151" status="PASS">
          <reporter-output>
          </reporter-output>
        </test-method> <!-- beforeTest -->
        <test-method signature="shopbybrand()[pri:5, instance:browserStack.BSTack@2362f559]" started-at="2025-09-02T10:40:22 IST" name="shopbybrand" finished-at="2025-09-02T10:40:23 IST" duration-ms="1171" status="PASS">
          <reporter-output>
          </reporter-output>
        </test-method> <!-- shopbybrand -->
        <test-method is-config="true" signature="afterTest()[pri:0, instance:browserStack.BSTack@2362f559]" started-at="2025-09-02T10:40:23 IST" name="afterTest" finished-at="2025-09-02T10:40:23 IST" duration-ms="207" status="PASS">
          <reporter-output>
          </reporter-output>
        </test-method> <!-- afterTest -->
      </class> <!-- browserStack.BSTack -->
    </test> <!-- Default test -->
  </suite> <!-- Default suite -->
</testng-results>
